c:\git\clox\debug\vc143.pdb
c:\git\clox\debug\vm.obj
c:\git\clox\debug\value.obj
c:\git\clox\debug\scanner.obj
c:\git\clox\debug\memory.obj
c:\git\clox\debug\main.obj
c:\git\clox\debug\debug.obj
c:\git\clox\debug\compiler.obj
c:\git\clox\debug\chunk.obj
c:\git\clox\debug\clox.pdb
c:\git\clox\debug\clox.tlog\cl.command.1.tlog
c:\git\clox\debug\clox.tlog\cl.read.1.tlog
c:\git\clox\debug\clox.tlog\cl.write.1.tlog
c:\git\clox\debug\clox.tlog\link-cvtres.read.1.tlog
c:\git\clox\debug\clox.tlog\link-cvtres.write.1.tlog
c:\git\clox\debug\clox.tlog\link-rc.read.1.tlog
c:\git\clox\debug\clox.tlog\link-rc.write.1.tlog
c:\git\clox\debug\clox.tlog\link.command.1.tlog
c:\git\clox\debug\clox.tlog\link.read.1.tlog
c:\git\clox\debug\clox.tlog\link.write.1.tlog
