c:\git\clox\x64\debug\vc143.pdb
c:\git\clox\x64\debug\vc143.idb
c:\git\clox\x64\debug\vm.obj
c:\git\clox\x64\debug\value.obj
c:\git\clox\x64\debug\table.obj
c:\git\clox\x64\debug\scanner.obj
c:\git\clox\x64\debug\object.obj
c:\git\clox\x64\debug\memory.obj
c:\git\clox\x64\debug\main.obj
c:\git\clox\x64\debug\debug.obj
c:\git\clox\x64\debug\compiler.obj
c:\git\clox\x64\debug\chunk.obj
c:\git\clox\x64\debug\clox.ilk
c:\git\clox\x64\debug\clox.exe
c:\git\clox\x64\debug\clox.pdb
c:\git\clox\x64\debug\clox.tlog\cl.command.1.tlog
c:\git\clox\x64\debug\clox.tlog\cl.read.1.tlog
c:\git\clox\x64\debug\clox.tlog\cl.write.1.tlog
c:\git\clox\x64\debug\clox.tlog\link.command.1.tlog
c:\git\clox\x64\debug\clox.tlog\link.read.1.tlog
c:\git\clox\x64\debug\clox.tlog\link.write.1.tlog
